Started GET "/" for 127.0.0.1 at 2016-07-02 17:14:47 +0200
Processing by Rails::WelcomeController#index as HTML
  Parameters: {"internal"=>true}
  Rendering /home/greg/.rvm/gems/ruby-2.3.0/gems/railties-5.0.0/lib/rails/templates/rails/welcome/index.html.erb
  Rendered /home/greg/.rvm/gems/ruby-2.3.0/gems/railties-5.0.0/lib/rails/templates/rails/welcome/index.html.erb (16.2ms)
Completed 200 OK in 120ms (Views: 52.1ms | ActiveRecord: 0.0ms)


Started GET "/" for 127.0.0.1 at 2016-08-14 20:42:13 +0200
Processing by Rails::WelcomeController#index as HTML
  Parameters: {"internal"=>true}
  Rendering /home/greg/.rvm/gems/ruby-2.3.0/gems/railties-5.0.0/lib/rails/templates/rails/welcome/index.html.erb
  Rendered /home/greg/.rvm/gems/ruby-2.3.0/gems/railties-5.0.0/lib/rails/templates/rails/welcome/index.html.erb (12.0ms)
Completed 200 OK in 113ms (Views: 70.0ms | ActiveRecord: 0.0ms)


Started GET "/" for 127.0.0.1 at 2016-08-14 20:56:02 +0200
Started GET "/" for 127.0.0.1 at 2016-08-14 20:56:02 +0200
Processing by Rails::WelcomeController#index as HTML
  Parameters: {"internal"=>true}
Processing by Rails::WelcomeController#index as HTML
  Parameters: {"internal"=>true}
Started GET "/" for 127.0.0.1 at 2016-08-15 20:22:37 +0200
Processing by ApplicationController#hello_world as HTML
Completed 406 Not Acceptable in 43ms (ActiveRecord: 0.0ms)


  
ActionController::UnknownFormat (ApplicationController#hello_world is missing a template for this request format and variant.

request.formats: ["text/html"]
request.variant: []

NOTE! For XHR/Ajax or API requests, this action would normally respond with 204 No Content: an empty white screen. Since you're loading it in a web browser, we assume that you expected to actually render a template, not… nothing, so we're showing an error to be extra-clear. If you expect 204 No Content, carry on. That's what you'll get from an XHR or API request. Give it a shot.):
  
actionpack (5.0.0) lib/action_controller/metal/implicit_render.rb:56:in `default_render'
actionpack (5.0.0) lib/action_controller/metal/basic_implicit_render.rb:4:in `block in send_action'
actionpack (5.0.0) lib/action_controller/metal/basic_implicit_render.rb:4:in `tap'
actionpack (5.0.0) lib/action_controller/metal/basic_implicit_render.rb:4:in `send_action'
actionpack (5.0.0) lib/abstract_controller/base.rb:188:in `process_action'
actionpack (5.0.0) lib/action_controller/metal/rendering.rb:30:in `process_action'
actionpack (5.0.0) lib/abstract_controller/callbacks.rb:20:in `block in process_action'
activesupport (5.0.0) lib/active_support/callbacks.rb:126:in `call'
activesupport (5.0.0) lib/active_support/callbacks.rb:506:in `block (2 levels) in compile'
activesupport (5.0.0) lib/active_support/callbacks.rb:455:in `call'
activesupport (5.0.0) lib/active_support/callbacks.rb:101:in `__run_callbacks__'
activesupport (5.0.0) lib/active_support/callbacks.rb:750:in `_run_process_action_callbacks'
activesupport (5.0.0) lib/active_support/callbacks.rb:90:in `run_callbacks'
actionpack (5.0.0) lib/abstract_controller/callbacks.rb:19:in `process_action'
actionpack (5.0.0) lib/action_controller/metal/rescue.rb:20:in `process_action'
actionpack (5.0.0) lib/action_controller/metal/instrumentation.rb:32:in `block in process_action'
activesupport (5.0.0) lib/active_support/notifications.rb:164:in `block in instrument'
activesupport (5.0.0) lib/active_support/notifications/instrumenter.rb:21:in `instrument'
activesupport (5.0.0) lib/active_support/notifications.rb:164:in `instrument'
actionpack (5.0.0) lib/action_controller/metal/instrumentation.rb:30:in `process_action'
actionpack (5.0.0) lib/action_controller/metal/params_wrapper.rb:248:in `process_action'
activerecord (5.0.0) lib/active_record/railties/controller_runtime.rb:18:in `process_action'
actionpack (5.0.0) lib/abstract_controller/base.rb:126:in `process'
actionview (5.0.0) lib/action_view/rendering.rb:30:in `process'
actionpack (5.0.0) lib/action_controller/metal.rb:190:in `dispatch'
actionpack (5.0.0) lib/action_controller/metal.rb:262:in `dispatch'
actionpack (5.0.0) lib/action_dispatch/routing/route_set.rb:50:in `dispatch'
actionpack (5.0.0) lib/action_dispatch/routing/route_set.rb:32:in `serve'
actionpack (5.0.0) lib/action_dispatch/journey/router.rb:39:in `block in serve'
actionpack (5.0.0) lib/action_dispatch/journey/router.rb:26:in `each'
actionpack (5.0.0) lib/action_dispatch/journey/router.rb:26:in `serve'
actionpack (5.0.0) lib/action_dispatch/routing/route_set.rb:725:in `call'
rack (2.0.1) lib/rack/etag.rb:25:in `call'
rack (2.0.1) lib/rack/conditional_get.rb:25:in `call'
rack (2.0.1) lib/rack/head.rb:12:in `call'
rack (2.0.1) lib/rack/session/abstract/id.rb:222:in `context'
rack (2.0.1) lib/rack/session/abstract/id.rb:216:in `call'
actionpack (5.0.0) lib/action_dispatch/middleware/cookies.rb:613:in `call'
activerecord (5.0.0) lib/active_record/migration.rb:552:in `call'
actionpack (5.0.0) lib/action_dispatch/middleware/callbacks.rb:38:in `block in call'
activesupport (5.0.0) lib/active_support/callbacks.rb:97:in `__run_callbacks__'
activesupport (5.0.0) lib/active_support/callbacks.rb:750:in `_run_call_callbacks'
activesupport (5.0.0) lib/active_support/callbacks.rb:90:in `run_callbacks'
actionpack (5.0.0) lib/action_dispatch/middleware/callbacks.rb:36:in `call'
actionpack (5.0.0) lib/action_dispatch/middleware/executor.rb:12:in `call'
actionpack (5.0.0) lib/action_dispatch/middleware/remote_ip.rb:79:in `call'
actionpack (5.0.0) lib/action_dispatch/middleware/debug_exceptions.rb:49:in `call'
web-console (3.3.0) lib/web_console/middleware.rb:131:in `call_app'
web-console (3.3.0) lib/web_console/middleware.rb:28:in `block in call'
web-console (3.3.0) lib/web_console/middleware.rb:18:in `catch'
web-console (3.3.0) lib/web_console/middleware.rb:18:in `call'
actionpack (5.0.0) lib/action_dispatch/middleware/show_exceptions.rb:31:in `call'
railties (5.0.0) lib/rails/rack/logger.rb:36:in `call_app'
railties (5.0.0) lib/rails/rack/logger.rb:24:in `block in call'
activesupport (5.0.0) lib/active_support/tagged_logging.rb:70:in `block in tagged'
activesupport (5.0.0) lib/active_support/tagged_logging.rb:26:in `tagged'
activesupport (5.0.0) lib/active_support/tagged_logging.rb:70:in `tagged'
railties (5.0.0) lib/rails/rack/logger.rb:24:in `call'
sprockets-rails (3.1.1) lib/sprockets/rails/quiet_assets.rb:13:in `call'
actionpack (5.0.0) lib/action_dispatch/middleware/request_id.rb:24:in `call'
rack (2.0.1) lib/rack/method_override.rb:22:in `call'
rack (2.0.1) lib/rack/runtime.rb:22:in `call'
activesupport (5.0.0) lib/active_support/cache/strategy/local_cache_middleware.rb:28:in `call'
actionpack (5.0.0) lib/action_dispatch/middleware/executor.rb:12:in `call'
actionpack (5.0.0) lib/action_dispatch/middleware/static.rb:136:in `call'
rack (2.0.1) lib/rack/sendfile.rb:111:in `call'
railties (5.0.0) lib/rails/engine.rb:522:in `call'
puma (3.4.0) lib/puma/configuration.rb:224:in `call'
puma (3.4.0) lib/puma/server.rb:569:in `handle_request'
puma (3.4.0) lib/puma/server.rb:406:in `process_client'
puma (3.4.0) lib/puma/server.rb:271:in `block in run'
puma (3.4.0) lib/puma/thread_pool.rb:114:in `block in spawn_thread'
  Rendering /home/greg/.rvm/gems/ruby-2.3.0/gems/actionpack-5.0.0/lib/action_dispatch/middleware/templates/rescues/diagnostics.html.erb within rescues/layout
  Rendering /home/greg/.rvm/gems/ruby-2.3.0/gems/actionpack-5.0.0/lib/action_dispatch/middleware/templates/rescues/_source.html.erb
  Rendered /home/greg/.rvm/gems/ruby-2.3.0/gems/actionpack-5.0.0/lib/action_dispatch/middleware/templates/rescues/_source.html.erb (9.7ms)
  Rendering /home/greg/.rvm/gems/ruby-2.3.0/gems/actionpack-5.0.0/lib/action_dispatch/middleware/templates/rescues/_trace.html.erb
  Rendered /home/greg/.rvm/gems/ruby-2.3.0/gems/actionpack-5.0.0/lib/action_dispatch/middleware/templates/rescues/_trace.html.erb (5.1ms)
  Rendering /home/greg/.rvm/gems/ruby-2.3.0/gems/actionpack-5.0.0/lib/action_dispatch/middleware/templates/rescues/_request_and_response.html.erb
  Rendered /home/greg/.rvm/gems/ruby-2.3.0/gems/actionpack-5.0.0/lib/action_dispatch/middleware/templates/rescues/_request_and_response.html.erb (1.7ms)
  Rendered /home/greg/.rvm/gems/ruby-2.3.0/gems/actionpack-5.0.0/lib/action_dispatch/middleware/templates/rescues/diagnostics.html.erb within rescues/layout (87.3ms)
Started GET "/" for 127.0.0.1 at 2016-08-15 20:23:47 +0200
Processing by ApplicationController#hello_world as HTML
  Rendering html template
  Rendered html template (0.1ms)
Completed 200 OK in 49ms (Views: 47.9ms | ActiveRecord: 0.0ms)


Started GET "/" for 127.0.0.1 at 2016-08-15 20:24:10 +0200
Processing by ApplicationController#hello_world as HTML
  Rendering html template
  Rendered html template (0.1ms)
Completed 500 Internal Server Error in 4ms (Views: 1.9ms | ActiveRecord: 0.0ms)


  
AbstractController::DoubleRenderError (Render and/or redirect were called multiple times in this action. Please note that you may only call render OR redirect, and at most once per action. Also note that neither redirect nor render terminate execution of the action, so if you want to exit an action after redirecting, you need to do something like "redirect_to(...) and return".):
  
app/controllers/application_controller.rb:6:in `hello_world'
  Rendering /home/greg/.rvm/gems/ruby-2.3.0/gems/actionpack-5.0.0/lib/action_dispatch/middleware/templates/rescues/diagnostics.html.erb within rescues/layout
  Rendering /home/greg/.rvm/gems/ruby-2.3.0/gems/actionpack-5.0.0/lib/action_dispatch/middleware/templates/rescues/_source.html.erb
  Rendered /home/greg/.rvm/gems/ruby-2.3.0/gems/actionpack-5.0.0/lib/action_dispatch/middleware/templates/rescues/_source.html.erb (11.0ms)
  Rendering /home/greg/.rvm/gems/ruby-2.3.0/gems/actionpack-5.0.0/lib/action_dispatch/middleware/templates/rescues/_trace.html.erb
  Rendered /home/greg/.rvm/gems/ruby-2.3.0/gems/actionpack-5.0.0/lib/action_dispatch/middleware/templates/rescues/_trace.html.erb (5.0ms)
  Rendering /home/greg/.rvm/gems/ruby-2.3.0/gems/actionpack-5.0.0/lib/action_dispatch/middleware/templates/rescues/_request_and_response.html.erb
  Rendered /home/greg/.rvm/gems/ruby-2.3.0/gems/actionpack-5.0.0/lib/action_dispatch/middleware/templates/rescues/_request_and_response.html.erb (1.6ms)
  Rendered /home/greg/.rvm/gems/ruby-2.3.0/gems/actionpack-5.0.0/lib/action_dispatch/middleware/templates/rescues/diagnostics.html.erb within rescues/layout (46.7ms)
Started GET "/" for 127.0.0.1 at 2016-08-15 20:24:16 +0200
Processing by ApplicationController#hello_world as HTML
  Rendering html template
  Rendered html template (0.1ms)
Completed 500 Internal Server Error in 3ms (Views: 1.4ms | ActiveRecord: 0.0ms)


  
AbstractController::DoubleRenderError (Render and/or redirect were called multiple times in this action. Please note that you may only call render OR redirect, and at most once per action. Also note that neither redirect nor render terminate execution of the action, so if you want to exit an action after redirecting, you need to do something like "redirect_to(...) and return".):
  
app/controllers/application_controller.rb:6:in `hello_world'
  Rendering /home/greg/.rvm/gems/ruby-2.3.0/gems/actionpack-5.0.0/lib/action_dispatch/middleware/templates/rescues/diagnostics.html.erb within rescues/layout
  Rendering /home/greg/.rvm/gems/ruby-2.3.0/gems/actionpack-5.0.0/lib/action_dispatch/middleware/templates/rescues/_source.html.erb
  Rendered /home/greg/.rvm/gems/ruby-2.3.0/gems/actionpack-5.0.0/lib/action_dispatch/middleware/templates/rescues/_source.html.erb (10.8ms)
  Rendering /home/greg/.rvm/gems/ruby-2.3.0/gems/actionpack-5.0.0/lib/action_dispatch/middleware/templates/rescues/_trace.html.erb
  Rendered /home/greg/.rvm/gems/ruby-2.3.0/gems/actionpack-5.0.0/lib/action_dispatch/middleware/templates/rescues/_trace.html.erb (5.2ms)
  Rendering /home/greg/.rvm/gems/ruby-2.3.0/gems/actionpack-5.0.0/lib/action_dispatch/middleware/templates/rescues/_request_and_response.html.erb
  Rendered /home/greg/.rvm/gems/ruby-2.3.0/gems/actionpack-5.0.0/lib/action_dispatch/middleware/templates/rescues/_request_and_response.html.erb (1.6ms)
  Rendered /home/greg/.rvm/gems/ruby-2.3.0/gems/actionpack-5.0.0/lib/action_dispatch/middleware/templates/rescues/diagnostics.html.erb within rescues/layout (47.1ms)
Started GET "/" for 127.0.0.1 at 2016-08-15 20:24:27 +0200
Processing by ApplicationController#hello_world as HTML
  Rendering html template
  Rendered html template (0.1ms)
Completed 200 OK in 4ms (Views: 2.6ms | ActiveRecord: 0.0ms)


